<?xml version="1.0" encoding="UTF-8"?>
<!-- Generated by org.testng.reporters.JUnitXMLReporter -->
<testsuite ignored="0" hostname="Ayas-MacBook-Pro.local" failures="0" tests="11" name="Surefire test" time="33.604" errors="0" timestamp="2024-06-29T11:20:07 EET">
  <testcase classname="TestCases" name="language" time="0.069"/>
  <testcase classname="TestCases" name="currency" time="0.048"/>
  <testcase classname="TestCases" name="contactNumber" time="0.034"/>
  <testcase classname="TestCases" name="qitafLogoPresence" time="0.302"/>
  <testcase classname="TestCases" name="hotelSearchTab" time="0.05"/>
  <testcase classname="TestCases" name="flightDates" time="0.888"/>
  <testcase classname="TestCases" name="changeLangRandomly" time="0.99"/>
  <testcase classname="TestCases" name="hotelTabSelection" time="1.485"/>
  <testcase classname="TestCases" name="noOfPeople" time="6.003"/>
  <testcase classname="TestCases" name="waitForLoading" time="9.51"/>
  <testcase classname="TestCases" name="sort" time="3.865"/>
</testsuite> <!-- Surefire test -->
