<?xml version="1.0" encoding="UTF-8"?>
<!-- Generated by org.testng.reporters.JUnitXMLReporter -->
<testsuite ignored="0" hostname="Ayas-MacBook-Pro.local" failures="0" tests="11" name="Surefire test" time="39.205" errors="0" timestamp="2024-06-29T10:52:02 EET">
  <testcase classname="TestCases" name="language" time="0.056"/>
  <testcase classname="TestCases" name="currency" time="0.046"/>
  <testcase classname="TestCases" name="contactNumber" time="0.033"/>
  <testcase classname="TestCases" name="qitafLogoPresence" time="0.094"/>
  <testcase classname="TestCases" name="hotelSearchTab" time="0.166"/>
  <testcase classname="TestCases" name="flightDates" time="0.064"/>
  <testcase classname="TestCases" name="changeLangRandomly" time="1.051"/>
  <testcase classname="TestCases" name="hotelTabSelection" time="1.565"/>
  <testcase classname="TestCases" name="noOfPeople" time="6.589"/>
  <testcase classname="TestCases" name="waitForLoading" time="15.489"/>
  <testcase classname="TestCases" name="sort" time="4.679"/>
</testsuite> <!-- Surefire test -->
