<?xml version="1.0" encoding="UTF-8"?>
<testsuite xmlns:xsi="http://www.w3.org/2001/XMLSchema-instance" xsi:noNamespaceSchemaLocation="https://maven.apache.org/surefire/maven-surefire-plugin/xsd/surefire-test-report-3.0.xsd" version="3.0" name="TestCases" time="44.08" tests="11" errors="0" skipped="0" failures="0">
  <properties>
[...]
</properties>
  <testcase name="language" classname="TestCases" time="0.08">
    <system-err><![CDATA[SLF4J: Failed to load class "org.slf4j.impl.StaticLoggerBinder".
SLF4J: Defaulting to no-operation (NOP) logger implementation
SLF4J: See http://www.slf4j.org/codes.html#StaticLoggerBinder for further details.
Jun 29, 2024 10:45:45 AM org.openqa.selenium.manager.SeleniumManager lambda$runCommand$1
WARNING: The chromedriver version (125.0.6422.78) detected in PATH at /usr/local/bin/chromedriver might not be compatible with the detected chrome version (126.0.6478.127); currently, chromedriver 126.0.6478.126 is recommended for chrome 126.*, so it is advised to delete the driver in PATH and retry
]]></system-err>
  </testcase>
  <testcase name="currency" classname="TestCases" time="0.042"/>
  <testcase name="contactNumber" classname="TestCases" time="0.042"/>
  <testcase name="qitafLogoPresence" classname="TestCases" time="0.219"/>
  <testcase name="hotelSearchTab" classname="TestCases" time="0.041"/>
  <testcase name="flightDates" classname="TestCases" time="0.088"/>
  <testcase name="changeLangRandomly" classname="TestCases" time="1.459"/>
  <testcase name="hotelTabSelection" classname="TestCases" time="2.216"/>
  <testcase name="noOfPeople" classname="TestCases" time="6.996"/>
  <testcase name="waitForLoading" classname="TestCases" time="18.108"/>
  <testcase name="sort" classname="TestCases" time="5.882"/>
</testsuite>