<?xml version="1.0" encoding="UTF-8"?>
<testng-results ignored="0" total="11" passed="11" failed="0" skipped="0">
  <reporter-output>
  </reporter-output>
  <suite started-at="2024-07-12T19:07:48 EET" name="Surefire suite" finished-at="2024-07-12T19:08:26 EET" duration-ms="38431">
    <groups>
    </groups>
    <test started-at="2024-07-12T19:07:48 EET" name="Surefire test" finished-at="2024-07-12T19:08:26 EET" duration-ms="38431">
      <class name="TestCases">
        <test-method is-config="true" signature="setup()[pri:0, instance:TestCases@bcef303]" started-at="2024-07-12T19:07:48 EET" name="setup" finished-at="2024-07-12T19:07:52 EET" duration-ms="4041" status="PASS">
          <reporter-output>
          </reporter-output>
        </test-method> <!-- setup -->
        <test-method signature="language()[pri:1, instance:TestCases@bcef303]" started-at="2024-07-12T19:07:52 EET" name="language" finished-at="2024-07-12T19:07:52 EET" duration-ms="58" status="PASS">
          <reporter-output>
          </reporter-output>
        </test-method> <!-- language -->
        <test-method signature="currency()[pri:2, instance:TestCases@bcef303]" started-at="2024-07-12T19:07:52 EET" name="currency" finished-at="2024-07-12T19:07:52 EET" duration-ms="47" status="PASS">
          <reporter-output>
          </reporter-output>
        </test-method> <!-- currency -->
        <test-method signature="contactNumber()[pri:3, instance:TestCases@bcef303]" started-at="2024-07-12T19:07:52 EET" name="contactNumber" finished-at="2024-07-12T19:07:52 EET" duration-ms="135" status="PASS">
          <reporter-output>
          </reporter-output>
        </test-method> <!-- contactNumber -->
        <test-method signature="qitafLogoPresence()[pri:4, instance:TestCases@bcef303]" started-at="2024-07-12T19:07:52 EET" name="qitafLogoPresence" finished-at="2024-07-12T19:07:52 EET" duration-ms="96" status="PASS">
          <reporter-output>
          </reporter-output>
        </test-method> <!-- qitafLogoPresence -->
        <test-method signature="hotelSearchTab()[pri:5, instance:TestCases@bcef303]" started-at="2024-07-12T19:07:52 EET" name="hotelSearchTab" finished-at="2024-07-12T19:07:52 EET" duration-ms="41" status="PASS">
          <reporter-output>
          </reporter-output>
        </test-method> <!-- hotelSearchTab -->
        <test-method signature="flightDates()[pri:6, instance:TestCases@bcef303]" started-at="2024-07-12T19:07:52 EET" name="flightDates" finished-at="2024-07-12T19:07:53 EET" duration-ms="79" status="PASS">
          <reporter-output>
          </reporter-output>
        </test-method> <!-- flightDates -->
        <test-method signature="changeLangRandomly()[pri:7, instance:TestCases@bcef303]" started-at="2024-07-12T19:07:53 EET" name="changeLangRandomly" finished-at="2024-07-12T19:07:54 EET" duration-ms="1249" status="PASS">
          <reporter-output>
          </reporter-output>
        </test-method> <!-- changeLangRandomly -->
        <test-method signature="hotelTabSelection()[pri:8, instance:TestCases@bcef303]" started-at="2024-07-12T19:07:54 EET" name="hotelTabSelection" finished-at="2024-07-12T19:07:55 EET" duration-ms="1414" status="PASS">
          <reporter-output>
          </reporter-output>
        </test-method> <!-- hotelTabSelection -->
        <test-method signature="noOfPeople()[pri:9, instance:TestCases@bcef303]" started-at="2024-07-12T19:07:55 EET" name="noOfPeople" finished-at="2024-07-12T19:08:00 EET" duration-ms="4969" status="PASS">
          <reporter-output>
          </reporter-output>
        </test-method> <!-- noOfPeople -->
        <test-method signature="waitForLoading()[pri:10, instance:TestCases@bcef303]" started-at="2024-07-12T19:08:00 EET" name="waitForLoading" finished-at="2024-07-12T19:08:17 EET" duration-ms="16548" status="PASS">
          <reporter-output>
          </reporter-output>
        </test-method> <!-- waitForLoading -->
        <test-method signature="sort()[pri:11, instance:TestCases@bcef303]" started-at="2024-07-12T19:08:17 EET" name="sort" finished-at="2024-07-12T19:08:21 EET" duration-ms="4212" status="PASS">
          <reporter-output>
          </reporter-output>
        </test-method> <!-- sort -->
        <test-method is-config="true" signature="quitChrome()[pri:0, instance:TestCases@bcef303]" started-at="2024-07-12T19:08:21 EET" name="quitChrome" finished-at="2024-07-12T19:08:26 EET" duration-ms="5451" status="PASS">
          <reporter-output>
          </reporter-output>
        </test-method> <!-- quitChrome -->
      </class> <!-- TestCases -->
    </test> <!-- Surefire test -->
  </suite> <!-- Surefire suite -->
</testng-results>
