<?xml version="1.0" encoding="UTF-8"?>
<testng-results ignored="0" total="11" passed="11" failed="0" skipped="0">
  <reporter-output>
  </reporter-output>
  <suite started-at="2024-06-29T10:45:48 EET" name="Surefire suite" finished-at="2024-06-29T10:46:28 EET" duration-ms="39602">
    <groups>
    </groups>
    <test started-at="2024-06-29T10:45:48 EET" name="Surefire test" finished-at="2024-06-29T10:46:28 EET" duration-ms="39602">
      <class name="TestCases">
        <test-method is-config="true" signature="setup()[pri:0, instance:TestCases@30af5b6b]" started-at="2024-06-29T10:45:48 EET" name="setup" finished-at="2024-06-29T10:45:53 EET" duration-ms="4332" status="PASS">
          <reporter-output>
          </reporter-output>
        </test-method> <!-- setup -->
        <test-method signature="language()[pri:1, instance:TestCases@30af5b6b]" started-at="2024-06-29T10:45:53 EET" name="language" finished-at="2024-06-29T10:45:53 EET" duration-ms="80" status="PASS">
          <reporter-output>
          </reporter-output>
        </test-method> <!-- language -->
        <test-method signature="currency()[pri:2, instance:TestCases@30af5b6b]" started-at="2024-06-29T10:45:53 EET" name="currency" finished-at="2024-06-29T10:45:53 EET" duration-ms="54" status="PASS">
          <reporter-output>
          </reporter-output>
        </test-method> <!-- currency -->
        <test-method signature="contactNumber()[pri:3, instance:TestCases@30af5b6b]" started-at="2024-06-29T10:45:53 EET" name="contactNumber" finished-at="2024-06-29T10:45:53 EET" duration-ms="42" status="PASS">
          <reporter-output>
          </reporter-output>
        </test-method> <!-- contactNumber -->
        <test-method signature="qitafLogoPresence()[pri:4, instance:TestCases@30af5b6b]" started-at="2024-06-29T10:45:53 EET" name="qitafLogoPresence" finished-at="2024-06-29T10:45:53 EET" duration-ms="219" status="PASS">
          <reporter-output>
          </reporter-output>
        </test-method> <!-- qitafLogoPresence -->
        <test-method signature="hotelSearchTab()[pri:5, instance:TestCases@30af5b6b]" started-at="2024-06-29T10:45:53 EET" name="hotelSearchTab" finished-at="2024-06-29T10:45:53 EET" duration-ms="41" status="PASS">
          <reporter-output>
          </reporter-output>
        </test-method> <!-- hotelSearchTab -->
        <test-method signature="flightDates()[pri:6, instance:TestCases@30af5b6b]" started-at="2024-06-29T10:45:53 EET" name="flightDates" finished-at="2024-06-29T10:45:53 EET" duration-ms="87" status="PASS">
          <reporter-output>
          </reporter-output>
        </test-method> <!-- flightDates -->
        <test-method signature="changeLangRandomly()[pri:7, instance:TestCases@30af5b6b]" started-at="2024-06-29T10:45:53 EET" name="changeLangRandomly" finished-at="2024-06-29T10:45:55 EET" duration-ms="1458" status="PASS">
          <reporter-output>
          </reporter-output>
        </test-method> <!-- changeLangRandomly -->
        <test-method signature="hotelTabSelection()[pri:8, instance:TestCases@30af5b6b]" started-at="2024-06-29T10:45:55 EET" name="hotelTabSelection" finished-at="2024-06-29T10:45:57 EET" duration-ms="2218" status="PASS">
          <reporter-output>
          </reporter-output>
        </test-method> <!-- hotelTabSelection -->
        <test-method signature="noOfPeople()[pri:9, instance:TestCases@30af5b6b]" started-at="2024-06-29T10:45:57 EET" name="noOfPeople" finished-at="2024-06-29T10:46:04 EET" duration-ms="6995" status="PASS">
          <reporter-output>
          </reporter-output>
        </test-method> <!-- noOfPeople -->
        <test-method signature="waitForLoading()[pri:10, instance:TestCases@30af5b6b]" started-at="2024-06-29T10:46:04 EET" name="waitForLoading" finished-at="2024-06-29T10:46:22 EET" duration-ms="18108" status="PASS">
          <reporter-output>
          </reporter-output>
        </test-method> <!-- waitForLoading -->
        <test-method signature="sort()[pri:11, instance:TestCases@30af5b6b]" started-at="2024-06-29T10:46:22 EET" name="sort" finished-at="2024-06-29T10:46:28 EET" duration-ms="5881" status="PASS">
          <reporter-output>
          </reporter-output>
        </test-method> <!-- sort -->
      </class> <!-- TestCases -->
    </test> <!-- Surefire test -->
  </suite> <!-- Surefire suite -->
</testng-results>
